# JRE version: OpenJDK Runtime Environment (21.0.4) (build 21.0.4+-12508038-b607.1)
# Java VM: OpenJDK 64-Bit Server VM (21.0.4+-12508038-b607.1, mixed mode, tiered, compressed oops, compressed class ptrs, g1 gc, windows-amd64)
GC Precious Log:
 CardTable entry size: 512
 Card Set container configuration: InlinePtr #cards 5 size 8 Array Of Cards #cards 12 size 40 Howl #buckets 4 coarsen threshold 1843 Howl Bitmap #cards 512 size 80 coarsen threshold 460 Card regions per heap region 1 cards per card region 2048
 CPUs: 12 total, 12 available
 Memory: 16295M
 Large Page Support: Disabled
 NUMA Support: Disabled
 Compressed Oops: Enabled (32-bit)
 Heap Region Size: 1M
 Heap Min Capacity: 8M
 Heap Initial Capacity: 256M
 Heap Max Capacity: 2G
 Pre-touch: Disabled
 Parallel Workers: 10
 Concurrent Workers: 3
 Concurrent Refinement Workers: 10
 Periodic GC: Disabled
Heap:
 garbage-first heap   total 347136K, used 195277K [0x0000000080000000, 0x0000000100000000)
  region size 1024K, 29 young (29696K), 6 survivors (6144K)
 Metaspace       used 144429K, committed 146624K, reserved 1179648K
  class space    used 18228K, committed 19328K, reserved 1048576K
GC Heap History (20 events):
Event: 18.644 GC heap before
{Heap before GC invocations=38 (full 0):
 garbage-first heap   total 208896K, used 182189K [0x0000000080000000, 0x0000000100000000)
  region size 1024K, 59 young (60416K), 9 survivors (9216K)
 Metaspace       used 132567K, committed 134784K, reserved 1179648K
  class space    used 16933K, committed 18048K, reserved 1048576K
}
Event: 18.651 GC heap after
{Heap after GC invocations=39 (full 0):
 garbage-first heap   total 208896K, used 138339K [0x0000000080000000, 0x0000000100000000)
  region size 1024K, 6 young (6144K), 6 survivors (6144K)
 Metaspace       used 132567K, committed 134784K, reserved 1179648K
  class space    used 16933K, committed 18048K, reserved 1048576K
}
Event: 18.999 GC heap before
{Heap before GC invocations=40 (full 0):
 garbage-first heap   total 234496K, used 190563K [0x0000000080000000, 0x0000000100000000)
  region size 1024K, 56 young (57344K), 6 survivors (6144K)
 Metaspace       used 133161K, committed 135296K, reserved 1179648K
  class space    used 16959K, committed 18048K, reserved 1048576K
}
Event: 19.003 GC heap after
{Heap after GC invocations=41 (full 0):
 garbage-first heap   total 234496K, used 142850K [0x0000000080000000, 0x0000000100000000)
  region size 1024K, 5 young (5120K), 5 survivors (5120K)
 Metaspace       used 133161K, committed 135296K, reserved 1179648K
  class space    used 16959K, committed 18048K, reserved 1048576K
}
Event: 21.541 GC heap before
{Heap before GC invocations=41 (full 0):
 garbage-first heap   total 234496K, used 211458K [0x0000000080000000, 0x0000000100000000)
  region size 1024K, 73 young (74752K), 5 survivors (5120K)
 Metaspace       used 142422K, committed 144640K, reserved 1179648K
  class space    used 18083K, committed 19200K, reserved 1048576K
}
Event: 21.549 GC heap after
{Heap after GC invocations=42 (full 0):
 garbage-first heap   total 234496K, used 147894K [0x0000000080000000, 0x0000000100000000)
  region size 1024K, 10 young (10240K), 10 survivors (10240K)
 Metaspace       used 142422K, committed 144640K, reserved 1179648K
  class space    used 18083K, committed 19200K, reserved 1048576K
}
Event: 22.036 GC heap before
{Heap before GC invocations=42 (full 0):
 garbage-first heap   total 234496K, used 210358K [0x0000000080000000, 0x0000000100000000)
  region size 1024K, 72 young (73728K), 10 survivors (10240K)
 Metaspace       used 143089K, committed 145280K, reserved 1179648K
  class space    used 18127K, committed 19200K, reserved 1048576K
}
Event: 22.043 GC heap after
{Heap after GC invocations=43 (full 0):
 garbage-first heap   total 234496K, used 153138K [0x0000000080000000, 0x0000000100000000)
  region size 1024K, 5 young (5120K), 5 survivors (5120K)
 Metaspace       used 143089K, committed 145280K, reserved 1179648K
  class space    used 18127K, committed 19200K, reserved 1048576K
}
Event: 22.385 GC heap before
{Heap before GC invocations=44 (full 0):
 garbage-first heap   total 254976K, used 212530K [0x0000000080000000, 0x0000000100000000)
  region size 1024K, 65 young (66560K), 5 survivors (5120K)
 Metaspace       used 143151K, committed 145344K, reserved 1179648K
  class space    used 18132K, committed 19200K, reserved 1048576K
}
Event: 22.398 GC heap after
{Heap after GC invocations=45 (full 0):
 garbage-first heap   total 254976K, used 167932K [0x0000000080000000, 0x0000000100000000)
  region size 1024K, 9 young (9216K), 9 survivors (9216K)
 Metaspace       used 143151K, committed 145344K, reserved 1179648K
  class space    used 18132K, committed 19200K, reserved 1048576K
}
Event: 22.766 GC heap before
{Heap before GC invocations=45 (full 0):
 garbage-first heap   total 254976K, used 226300K [0x0000000080000000, 0x0000000100000000)
  region size 1024K, 67 young (68608K), 9 survivors (9216K)
 Metaspace       used 143514K, committed 145664K, reserved 1179648K
  class space    used 18175K, committed 19264K, reserved 1048576K
}
Event: 22.781 GC heap after
{Heap after GC invocations=46 (full 0):
 garbage-first heap   total 254976K, used 169088K [0x0000000080000000, 0x0000000100000000)
  region size 1024K, 9 young (9216K), 9 survivors (9216K)
 Metaspace       used 143514K, committed 145664K, reserved 1179648K
  class space    used 18175K, committed 19264K, reserved 1048576K
}
Event: 22.850 GC heap before
{Heap before GC invocations=46 (full 0):
 garbage-first heap   total 254976K, used 177280K [0x0000000080000000, 0x0000000100000000)
  region size 1024K, 19 young (19456K), 9 survivors (9216K)
 Metaspace       used 143833K, committed 146048K, reserved 1179648K
  class space    used 18209K, committed 19264K, reserved 1048576K
}
Event: 22.857 GC heap after
{Heap after GC invocations=47 (full 0):
 garbage-first heap   total 254976K, used 172060K [0x0000000080000000, 0x0000000100000000)
  region size 1024K, 3 young (3072K), 3 survivors (3072K)
 Metaspace       used 143833K, committed 146048K, reserved 1179648K
  class space    used 18209K, committed 19264K, reserved 1048576K
}
Event: 23.202 GC heap before
{Heap before GC invocations=48 (full 0):
 garbage-first heap   total 288768K, used 225308K [0x0000000080000000, 0x0000000100000000)
  region size 1024K, 56 young (57344K), 3 survivors (3072K)
 Metaspace       used 144196K, committed 146432K, reserved 1179648K
  class space    used 18225K, committed 19328K, reserved 1048576K
}
Event: 23.206 GC heap after
{Heap after GC invocations=49 (full 0):
 garbage-first heap   total 288768K, used 174741K [0x0000000080000000, 0x0000000100000000)
  region size 1024K, 5 young (5120K), 5 survivors (5120K)
 Metaspace       used 144196K, committed 146432K, reserved 1179648K
  class space    used 18225K, committed 19328K, reserved 1048576K
}
Event: 23.462 GC heap before
{Heap before GC invocations=49 (full 0):
 garbage-first heap   total 288768K, used 253589K [0x0000000080000000, 0x0000000100000000)
  region size 1024K, 83 young (84992K), 5 survivors (5120K)
 Metaspace       used 144335K, committed 146560K, reserved 1179648K
  class space    used 18227K, committed 19328K, reserved 1048576K
}
Event: 23.472 GC heap after
{Heap after GC invocations=50 (full 0):
 garbage-first heap   total 288768K, used 169348K [0x0000000080000000, 0x0000000100000000)
  region size 1024K, 10 young (10240K), 10 survivors (10240K)
 Metaspace       used 144335K, committed 146560K, reserved 1179648K
  class space    used 18227K, committed 19328K, reserved 1048576K
}
Event: 23.885 GC heap before
{Heap before GC invocations=50 (full 0):
 garbage-first heap   total 288768K, used 257412K [0x0000000080000000, 0x0000000100000000)
  region size 1024K, 96 young (98304K), 10 survivors (10240K)
 Metaspace       used 144403K, committed 146624K, reserved 1179648K
  class space    used 18227K, committed 19328K, reserved 1048576K
}
Event: 23.893 GC heap after
{Heap after GC invocations=51 (full 0):
 garbage-first heap   total 347136K, used 172749K [0x0000000080000000, 0x0000000100000000)
  region size 1024K, 6 young (6144K), 6 survivors (6144K)
 Metaspace       used 144403K, committed 146624K, reserved 1179648K
  class space    used 18227K, committed 19328K, reserved 1048576K
}

