# JRE version: Java(TM) SE Runtime Environment (17.0.12+8) (build 17.0.12+8-LTS-286)
# Java VM: Java HotSpot(TM) 64-Bit Server VM (17.0.12+8-LTS-286, mixed mode, sharing, tiered, compressed oops, compressed class ptrs, g1 gc, windows-amd64)
GC Precious Log:
 CPUs: 12 total, 12 available
 Memory: 16291M
 Large Page Support: Disabled
 NUMA Support: Disabled
 Compressed Oops: Enabled (32-bit)
 Heap Region Size: 1M
 Heap Min Capacity: 8M
 Heap Initial Capacity: 256M
 Heap Max Capacity: 2G
 Pre-touch: Disabled
 Parallel Workers: 10
 Concurrent Workers: 3
 Concurrent Refinement Workers: 10
 Periodic GC: Disabled
Heap:
 garbage-first heap   total 235520K, used 131452K [0x0000000080000000, 0x0000000100000000)
  region size 1024K, 63 young (64512K), 8 survivors (8192K)
 Metaspace       used 69728K, committed 70464K, reserved 1114112K
  class space    used 9988K, committed 10304K, reserved 1048576K
GC Heap History (20 events):
Event: 6.212 GC heap before
{Heap before GC invocations=13 (full 0):
 garbage-first heap   total 107520K, used 83544K [0x0000000080000000, 0x0000000100000000)
  region size 1024K, 44 young (45056K), 2 survivors (2048K)
 Metaspace       used 51396K, committed 52032K, reserved 1114112K
  class space    used 7256K, committed 7552K, reserved 1048576K
}
Event: 6.214 GC heap after
{Heap after GC invocations=14 (full 0):
 garbage-first heap   total 107520K, used 43657K [0x0000000080000000, 0x0000000100000000)
  region size 1024K, 5 young (5120K), 5 survivors (5120K)
 Metaspace       used 51396K, committed 52032K, reserved 1114112K
  class space    used 7256K, committed 7552K, reserved 1048576K
}
Event: 7.278 GC heap before
{Heap before GC invocations=14 (full 0):
 garbage-first heap   total 107520K, used 84617K [0x0000000080000000, 0x0000000100000000)
  region size 1024K, 46 young (47104K), 5 survivors (5120K)
 Metaspace       used 54651K, committed 55296K, reserved 1114112K
  class space    used 7710K, committed 8000K, reserved 1048576K
}
Event: 7.282 GC heap after
{Heap after GC invocations=15 (full 0):
 garbage-first heap   total 107520K, used 48565K [0x0000000080000000, 0x0000000100000000)
  region size 1024K, 6 young (6144K), 6 survivors (6144K)
 Metaspace       used 54651K, committed 55296K, reserved 1114112K
  class space    used 7710K, committed 8000K, reserved 1048576K
}
Event: 7.467 GC heap before
{Heap before GC invocations=15 (full 0):
 garbage-first heap   total 107520K, used 84405K [0x0000000080000000, 0x0000000100000000)
  region size 1024K, 42 young (43008K), 6 survivors (6144K)
 Metaspace       used 54921K, committed 55552K, reserved 1114112K
  class space    used 7712K, committed 8000K, reserved 1048576K
}
Event: 7.472 GC heap after
{Heap after GC invocations=16 (full 0):
 garbage-first heap   total 107520K, used 53951K [0x0000000080000000, 0x0000000100000000)
  region size 1024K, 6 young (6144K), 6 survivors (6144K)
 Metaspace       used 54921K, committed 55552K, reserved 1114112K
  class space    used 7712K, committed 8000K, reserved 1048576K
}
Event: 7.590 GC heap before
{Heap before GC invocations=16 (full 0):
 garbage-first heap   total 107520K, used 83647K [0x0000000080000000, 0x0000000100000000)
  region size 1024K, 36 young (36864K), 6 survivors (6144K)
 Metaspace       used 55097K, committed 55744K, reserved 1114112K
  class space    used 7712K, committed 8000K, reserved 1048576K
}
Event: 7.592 GC heap after
{Heap after GC invocations=17 (full 0):
 garbage-first heap   total 107520K, used 55184K [0x0000000080000000, 0x0000000100000000)
  region size 1024K, 4 young (4096K), 4 survivors (4096K)
 Metaspace       used 55097K, committed 55744K, reserved 1114112K
  class space    used 7712K, committed 8000K, reserved 1048576K
}
Event: 7.731 GC heap before
{Heap before GC invocations=18 (full 0):
 garbage-first heap   total 107520K, used 84880K [0x0000000080000000, 0x0000000100000000)
  region size 1024K, 34 young (34816K), 4 survivors (4096K)
 Metaspace       used 55167K, committed 55808K, reserved 1114112K
  class space    used 7712K, committed 8000K, reserved 1048576K
}
Event: 7.733 GC heap after
{Heap after GC invocations=19 (full 0):
 garbage-first heap   total 107520K, used 55837K [0x0000000080000000, 0x0000000100000000)
  region size 1024K, 4 young (4096K), 4 survivors (4096K)
 Metaspace       used 55167K, committed 55808K, reserved 1114112K
  class space    used 7712K, committed 8000K, reserved 1048576K
}
Event: 7.736 GC heap before
{Heap before GC invocations=19 (full 0):
 garbage-first heap   total 107520K, used 56861K [0x0000000080000000, 0x0000000100000000)
  region size 1024K, 5 young (5120K), 4 survivors (4096K)
 Metaspace       used 55168K, committed 55808K, reserved 1114112K
  class space    used 7712K, committed 8000K, reserved 1048576K
}
Event: 7.738 GC heap after
{Heap after GC invocations=20 (full 0):
 garbage-first heap   total 107520K, used 55549K [0x0000000080000000, 0x0000000100000000)
  region size 1024K, 1 young (1024K), 1 survivors (1024K)
 Metaspace       used 55168K, committed 55808K, reserved 1114112K
  class space    used 7712K, committed 8000K, reserved 1048576K
}
Event: 7.825 GC heap before
{Heap before GC invocations=20 (full 0):
 garbage-first heap   total 107520K, used 85245K [0x0000000080000000, 0x0000000100000000)
  region size 1024K, 31 young (31744K), 1 survivors (1024K)
 Metaspace       used 55210K, committed 55808K, reserved 1114112K
  class space    used 7712K, committed 8000K, reserved 1048576K
}
Event: 7.828 GC heap after
{Heap after GC invocations=21 (full 0):
 garbage-first heap   total 107520K, used 57977K [0x0000000080000000, 0x0000000100000000)
  region size 1024K, 4 young (4096K), 4 survivors (4096K)
 Metaspace       used 55210K, committed 55808K, reserved 1114112K
  class space    used 7712K, committed 8000K, reserved 1048576K
}
Event: 7.915 GC heap before
{Heap before GC invocations=22 (full 0):
 garbage-first heap   total 117760K, used 85625K [0x0000000080000000, 0x0000000100000000)
  region size 1024K, 32 young (32768K), 4 survivors (4096K)
 Metaspace       used 55214K, committed 55808K, reserved 1114112K
  class space    used 7713K, committed 8000K, reserved 1048576K
}
Event: 7.917 GC heap after
{Heap after GC invocations=23 (full 0):
 garbage-first heap   total 117760K, used 58916K [0x0000000080000000, 0x0000000100000000)
  region size 1024K, 4 young (4096K), 4 survivors (4096K)
 Metaspace       used 55214K, committed 55808K, reserved 1114112K
  class space    used 7713K, committed 8000K, reserved 1048576K
}
Event: 7.919 GC heap before
{Heap before GC invocations=23 (full 0):
 garbage-first heap   total 117760K, used 58916K [0x0000000080000000, 0x0000000100000000)
  region size 1024K, 5 young (5120K), 4 survivors (4096K)
 Metaspace       used 55214K, committed 55808K, reserved 1114112K
  class space    used 7713K, committed 8000K, reserved 1048576K
}
Event: 7.921 GC heap after
{Heap after GC invocations=24 (full 0):
 garbage-first heap   total 235520K, used 57601K [0x0000000080000000, 0x0000000100000000)
  region size 1024K, 1 young (1024K), 1 survivors (1024K)
 Metaspace       used 55214K, committed 55808K, reserved 1114112K
  class space    used 7713K, committed 8000K, reserved 1048576K
}
Event: 9.081 GC heap before
{Heap before GC invocations=24 (full 0):
 garbage-first heap   total 235520K, used 179457K [0x0000000080000000, 0x0000000100000000)
  region size 1024K, 121 young (123904K), 1 survivors (1024K)
 Metaspace       used 68690K, committed 69376K, reserved 1114112K
  class space    used 9882K, committed 10240K, reserved 1048576K
}
Event: 9.085 GC heap after
{Heap after GC invocations=25 (full 0):
 garbage-first heap   total 235520K, used 64892K [0x0000000080000000, 0x0000000100000000)
  region size 1024K, 8 young (8192K), 8 survivors (8192K)
 Metaspace       used 68690K, committed 69376K, reserved 1114112K
  class space    used 9882K, committed 10240K, reserved 1048576K
}

